d:\_university_\6 term\авп\lab1\lab1\lab1\x64\debug\vc143.pdb
d:\_university_\6 term\авп\lab1\lab1\lab1\x64\debug\vc143.idb
d:\_university_\6 term\авп\lab1\lab1\lab1\x64\debug\main.obj
d:\_university_\6 term\авп\lab1\lab1\lab1\x64\debug\quadmatrix.obj
d:\_university_\6 term\авп\lab1\lab1\x64\debug\lab1.exe
d:\_university_\6 term\авп\lab1\lab1\lab1\x64\debug\lab1.ilk
d:\_university_\6 term\авп\lab1\lab1\x64\debug\lab1.pdb
c:\users\zhuko\pictures\lab1\lab1\x64\debug\main.obj
c:\users\zhuko\pictures\lab1\lab1\x64\debug\quadmatrix.obj
c:\users\zhuko\pictures\lab1\lab1\x64\debug\lab1.ilk
c:\users\zhuko\pictures\lab1\lab1\x64\debug\vc143.idb
c:\users\zhuko\pictures\lab1\lab1\x64\debug\vc143.pdb
c:\users\zhuko\pictures\lab1\x64\debug\lab1.pdb
c:\users\zhuko\pictures\lab1\x64\debug\lab1.exe
c:\users\zhuko\pictures\lab1\lab1\x64\debug\lab1.tlog\cl.command.1.tlog
c:\users\zhuko\pictures\lab1\lab1\x64\debug\lab1.tlog\cl.read.1.tlog
c:\users\zhuko\pictures\lab1\lab1\x64\debug\lab1.tlog\cl.write.1.tlog
c:\users\zhuko\pictures\lab1\lab1\x64\debug\lab1.tlog\link.command.1.tlog
c:\users\zhuko\pictures\lab1\lab1\x64\debug\lab1.tlog\link.read.1.tlog
c:\users\zhuko\pictures\lab1\lab1\x64\debug\lab1.tlog\link.write.1.tlog
